2021-03-31 22:07:04,425 [INFO] Activator:170 - 


2021-03-31 22:07:04,425 [INFO] Activator:171 - !SESSION log4j initialized
2021-03-31 22:07:47,030 [INFO] RetryExec:97 - I/O exception (org.apache.http.NoHttpResponseException) caught when processing request to {}->http://sw-center.st.com:80: The target server failed to respond
2021-03-31 22:07:47,039 [INFO] RetryExec:113 - Retrying request to {}->http://sw-center.st.com:80
2021-03-31 22:07:47,674 [INFO] RetryExec:97 - I/O exception (org.apache.http.NoHttpResponseException) caught when processing request to {}->http://sw-center.st.com:80: The target server failed to respond
2021-03-31 22:07:47,674 [INFO] RetryExec:113 - Retrying request to {}->http://sw-center.st.com:80
2021-03-31 22:07:48,440 [INFO] RetryExec:97 - I/O exception (org.apache.http.NoHttpResponseException) caught when processing request to {}->http://sw-center.st.com:80: The target server failed to respond
2021-03-31 22:07:48,440 [INFO] RetryExec:113 - Retrying request to {}->http://sw-center.st.com:80
2021-03-31 22:16:28,058 [INFO] Activator:170 - 


2021-03-31 22:16:28,060 [INFO] Activator:171 - !SESSION log4j initialized
2021-03-31 22:16:51,063 [INFO] McuFinderGlobals:39 - Set McuFinder mode to 2 (CubeIDE integrated)
2021-03-31 22:16:53,506 [INFO] ApplicationProperties:181 - Using Application install path: C:\ST\STM32CubeIDE_1.6.0\STM32CubeIDE\plugins\com.st.stm32cube.common.mx_6.2.0.202102191602
2021-03-31 22:16:53,520 [INFO] DbMcusXml:74 - Set database path to: C:\ST\STM32CubeIDE_1.6.0\STM32CubeIDE\plugins\com.st.stm32cube.common.mx_6.2.0.202102191602\\db\/mcu/
2021-03-31 22:16:53,524 [INFO] DbBoardsPdsc:56 - Set plugin database path to: C:\ST\STM32CubeIDE_1.6.0\STM32CubeIDE\plugins\com.st.stm32cube.common.mx_6.2.0.202102191602\\db\/plugins/boardmanager/
2021-03-31 22:16:53,525 [INFO] DbMcus:258 - Set plugin images path to: C:\ST\STM32CubeIDE_1.6.0\STM32CubeIDE\plugins\com.st.stm32cube.common.mx_6.2.0.202102191602\\db\/plugins/mcufinder/images/
2021-03-31 22:16:53,525 [INFO] DbBoards:264 - Set plugin images path to: C:\ST\STM32CubeIDE_1.6.0\STM32CubeIDE\plugins\com.st.stm32cube.common.mx_6.2.0.202102191602\\db\/plugins/mcufinder/images/
2021-03-31 22:16:53,528 [INFO] DbExamples:333 - Set plugin images path to: C:\ST\STM32CubeIDE_1.6.0\STM32CubeIDE\plugins\com.st.stm32cube.common.mx_6.2.0.202102191602\\db\/plugins/mcufinder/images/
2021-03-31 22:16:53,532 [INFO] DbMcusAds:85 - Set database path to: C:\Users\glase\.stmcufinder\plugins\mcufinder//mcu/
2021-03-31 22:16:53,533 [INFO] DbMcusDocs:110 - Set database path to: C:\Users\glase\.stmcufinder\plugins\mcufinder//mcu/
2021-03-31 22:16:53,535 [INFO] DbMcusJson:65 - Set database path to: C:\Users\glase\.stmcufinder\plugins\mcufinder//mcu/
2021-03-31 22:16:53,536 [INFO] DbBoardsDocs:110 - Set database path to: C:\Users\glase\.stmcufinder\plugins\mcufinder//mcu/
2021-03-31 22:16:53,537 [INFO] DbBoardsJson:58 - Set database path to: C:\Users\glase\.stmcufinder\plugins\mcufinder//mcu/
2021-03-31 22:16:53,548 [INFO] CrossReferenceDbSqlite:196 - Set database path to: C:\Users\glase\.stmcufinder\plugins\mcufinder//mcu/cs/
2021-03-31 22:16:53,556 [INFO] DbExamplesSqlite:690 - Set database path to: C:\Users\glase\.stmcufinder\plugins\mcufinder//mcu/
2021-03-31 22:16:53,744 [INFO] RulesReader:52 - Compatibility file has been processed (237 Rules)
2021-03-31 22:17:20,476 [INFO] RetryExec:97 - I/O exception (org.apache.http.NoHttpResponseException) caught when processing request to {}->http://sw-center.st.com:80: The target server failed to respond
2021-03-31 22:17:20,478 [INFO] RetryExec:113 - Retrying request to {}->http://sw-center.st.com:80
2021-03-31 22:17:20,940 [INFO] RetryExec:97 - I/O exception (org.apache.http.NoHttpResponseException) caught when processing request to {}->http://sw-center.st.com:80: The target server failed to respond
2021-03-31 22:17:20,940 [INFO] RetryExec:113 - Retrying request to {}->http://sw-center.st.com:80
2021-03-31 22:17:21,771 [INFO] RetryExec:97 - I/O exception (org.apache.http.NoHttpResponseException) caught when processing request to {}->http://sw-center.st.com:80: The target server failed to respond
2021-03-31 22:17:21,771 [INFO] RetryExec:113 - Retrying request to {}->http://sw-center.st.com:80
2021-03-31 22:17:57,063 [INFO] MicroXplorer:622 - Detected Java Version = 11.0.9.1
2021-03-31 22:17:57,071 [INFO] DbMcusXml:74 - Set database path to: C:\ST\STM32CubeIDE_1.6.0\STM32CubeIDE\plugins\com.st.stm32cube.common.mx_6.2.0.202102191602\\db\/mcu/
2021-03-31 22:17:57,071 [INFO] DbBoardsPdsc:56 - Set plugin database path to: C:\ST\STM32CubeIDE_1.6.0\STM32CubeIDE\plugins\com.st.stm32cube.common.mx_6.2.0.202102191602\\db\/plugins/boardmanager/
2021-03-31 22:17:57,071 [INFO] DbMcus:258 - Set plugin images path to: C:\ST\STM32CubeIDE_1.6.0\STM32CubeIDE\plugins\com.st.stm32cube.common.mx_6.2.0.202102191602\\db\/plugins/mcufinder/images/
2021-03-31 22:17:57,071 [INFO] DbBoards:264 - Set plugin images path to: C:\ST\STM32CubeIDE_1.6.0\STM32CubeIDE\plugins\com.st.stm32cube.common.mx_6.2.0.202102191602\\db\/plugins/mcufinder/images/
2021-03-31 22:17:57,071 [INFO] DbExamples:333 - Set plugin images path to: C:\ST\STM32CubeIDE_1.6.0\STM32CubeIDE\plugins\com.st.stm32cube.common.mx_6.2.0.202102191602\\db\/plugins/mcufinder/images/
2021-03-31 22:17:57,071 [WARN] DbFile:35 - Overriding database path with different value: C:\Users\glase\.stmcufinder\plugins\mcufinder/ => C:\Users\glase\.stmcufinder\plugins\mcufinder
2021-03-31 22:17:57,071 [INFO] DbMcusAds:85 - Set database path to: C:\Users\glase\.stmcufinder\plugins\mcufinder//mcu/
2021-03-31 22:17:57,071 [WARN] DbFile:35 - Overriding database path with different value: C:\Users\glase\.stmcufinder\plugins\mcufinder/ => C:\Users\glase\.stmcufinder\plugins\mcufinder
2021-03-31 22:17:57,071 [INFO] DbMcusDocs:110 - Set database path to: C:\Users\glase\.stmcufinder\plugins\mcufinder//mcu/
2021-03-31 22:17:57,071 [WARN] DbFile:35 - Overriding database path with different value: C:\Users\glase\.stmcufinder\plugins\mcufinder/ => C:\Users\glase\.stmcufinder\plugins\mcufinder
2021-03-31 22:17:57,071 [INFO] DbMcusJson:65 - Set database path to: C:\Users\glase\.stmcufinder\plugins\mcufinder//mcu/
2021-03-31 22:17:57,071 [WARN] DbFile:35 - Overriding database path with different value: C:\Users\glase\.stmcufinder\plugins\mcufinder/ => C:\Users\glase\.stmcufinder\plugins\mcufinder
2021-03-31 22:17:57,079 [INFO] DbBoardsDocs:110 - Set database path to: C:\Users\glase\.stmcufinder\plugins\mcufinder//mcu/
2021-03-31 22:17:57,079 [WARN] DbFile:35 - Overriding database path with different value: C:\Users\glase\.stmcufinder\plugins\mcufinder/ => C:\Users\glase\.stmcufinder\plugins\mcufinder
2021-03-31 22:17:57,079 [INFO] DbBoardsJson:58 - Set database path to: C:\Users\glase\.stmcufinder\plugins\mcufinder//mcu/
2021-03-31 22:17:57,079 [WARN] DbFile:35 - Overriding database path with different value: C:\Users\glase\.stmcufinder\plugins\mcufinder/ => C:\Users\glase\.stmcufinder\plugins\mcufinder
2021-03-31 22:17:57,079 [WARN] DbFile:35 - Overriding database path with different value: C:\Users\glase\.stmcufinder\plugins\mcufinder/ => C:\Users\glase\.stmcufinder\plugins\mcufinder
2021-03-31 22:17:57,087 [INFO] CrossReferenceDbSqlite:196 - Set database path to: C:\Users\glase\.stmcufinder\plugins\mcufinder//mcu/cs/
2021-03-31 22:17:57,087 [WARN] DbFile:35 - Overriding database path with different value: C:\Users\glase\.stmcufinder\plugins\mcufinder/ => C:\Users\glase\.stmcufinder\plugins\mcufinder
2021-03-31 22:17:57,087 [INFO] DbExamplesSqlite:690 - Set database path to: C:\Users\glase\.stmcufinder\plugins\mcufinder//mcu/
2021-03-31 22:17:57,226 [INFO] MainPanel:204 - HeapMemory: 367001600
2021-03-31 22:17:57,407 [INFO] DbMcusXml:74 - Set database path to: C:\ST\STM32CubeIDE_1.6.0\STM32CubeIDE\plugins\com.st.stm32cube.common.mx_6.2.0.202102191602\\db\/mcu/
2021-03-31 22:17:57,407 [INFO] DbBoardsPdsc:56 - Set plugin database path to: C:\ST\STM32CubeIDE_1.6.0\STM32CubeIDE\plugins\com.st.stm32cube.common.mx_6.2.0.202102191602\\db\/plugins/boardmanager/
2021-03-31 22:17:57,407 [INFO] DbMcus:258 - Set plugin images path to: C:\ST\STM32CubeIDE_1.6.0\STM32CubeIDE\plugins\com.st.stm32cube.common.mx_6.2.0.202102191602\\db\/plugins/mcufinder/images/
2021-03-31 22:17:57,407 [INFO] DbBoards:264 - Set plugin images path to: C:\ST\STM32CubeIDE_1.6.0\STM32CubeIDE\plugins\com.st.stm32cube.common.mx_6.2.0.202102191602\\db\/plugins/mcufinder/images/
2021-03-31 22:17:57,407 [INFO] DbExamples:333 - Set plugin images path to: C:\ST\STM32CubeIDE_1.6.0\STM32CubeIDE\plugins\com.st.stm32cube.common.mx_6.2.0.202102191602\\db\/plugins/mcufinder/images/
2021-03-31 22:17:57,407 [WARN] DbFile:35 - Overriding database path with different value: C:\Users\glase\.stmcufinder\plugins\mcufinder/ => C:\Users\glase\.stmcufinder\plugins\mcufinder
2021-03-31 22:17:57,407 [INFO] DbMcusAds:85 - Set database path to: C:\Users\glase\.stmcufinder\plugins\mcufinder//mcu/
2021-03-31 22:17:57,415 [WARN] DbFile:35 - Overriding database path with different value: C:\Users\glase\.stmcufinder\plugins\mcufinder/ => C:\Users\glase\.stmcufinder\plugins\mcufinder
2021-03-31 22:17:57,415 [INFO] DbMcusDocs:110 - Set database path to: C:\Users\glase\.stmcufinder\plugins\mcufinder//mcu/
2021-03-31 22:17:57,415 [WARN] DbFile:35 - Overriding database path with different value: C:\Users\glase\.stmcufinder\plugins\mcufinder/ => C:\Users\glase\.stmcufinder\plugins\mcufinder
2021-03-31 22:17:57,415 [INFO] DbMcusJson:65 - Set database path to: C:\Users\glase\.stmcufinder\plugins\mcufinder//mcu/
2021-03-31 22:17:57,415 [WARN] DbFile:35 - Overriding database path with different value: C:\Users\glase\.stmcufinder\plugins\mcufinder/ => C:\Users\glase\.stmcufinder\plugins\mcufinder
2021-03-31 22:17:57,415 [INFO] DbBoardsDocs:110 - Set database path to: C:\Users\glase\.stmcufinder\plugins\mcufinder//mcu/
2021-03-31 22:17:57,415 [WARN] DbFile:35 - Overriding database path with different value: C:\Users\glase\.stmcufinder\plugins\mcufinder/ => C:\Users\glase\.stmcufinder\plugins\mcufinder
2021-03-31 22:17:57,415 [INFO] DbBoardsJson:58 - Set database path to: C:\Users\glase\.stmcufinder\plugins\mcufinder//mcu/
2021-03-31 22:17:57,415 [WARN] DbFile:35 - Overriding database path with different value: C:\Users\glase\.stmcufinder\plugins\mcufinder/ => C:\Users\glase\.stmcufinder\plugins\mcufinder
2021-03-31 22:17:57,415 [WARN] DbFile:35 - Overriding database path with different value: C:\Users\glase\.stmcufinder\plugins\mcufinder/ => C:\Users\glase\.stmcufinder\plugins\mcufinder
2021-03-31 22:17:57,415 [INFO] CrossReferenceDbSqlite:196 - Set database path to: C:\Users\glase\.stmcufinder\plugins\mcufinder//mcu/cs/
2021-03-31 22:17:57,415 [WARN] DbFile:35 - Overriding database path with different value: C:\Users\glase\.stmcufinder\plugins\mcufinder/ => C:\Users\glase\.stmcufinder\plugins\mcufinder
2021-03-31 22:17:57,415 [INFO] DbExamplesSqlite:690 - Set database path to: C:\Users\glase\.stmcufinder\plugins\mcufinder//mcu/
2021-03-31 22:17:57,455 [INFO] ApplicationProperties:181 - Using Application install path: C:\ST\STM32CubeIDE_1.6.0\STM32CubeIDE\plugins\com.st.stm32cube.common.mx_6.2.0.202102191602
2021-03-31 22:17:57,455 [INFO] PluginManage:178 - Search for loadable plugins [exclusion list=, ]
2021-03-31 22:17:57,455 [INFO] PluginManage:292 - Check plugin analytics
2021-03-31 22:17:57,897 [INFO] AnalyticsPlugin:233 - Accepted Software Licenses: 
2021-03-31 22:17:57,897 [INFO] AnalyticsPlugin:235 - Accepted CMSIS Pack Licenses: 
2021-03-31 22:17:57,897 [INFO] AnalyticsPlugin:237 - Accepted Firmware Licenses: 
2021-03-31 22:17:57,905 [INFO] PluginManage:342 - Loaded plugin analytics (category:tool,tabindex:-1)
2021-03-31 22:17:57,905 [INFO] PluginManage:292 - Check plugin clock
2021-03-31 22:17:57,934 [INFO] PluginManage:342 - Loaded plugin clock (category:base,tabindex:2)
2021-03-31 22:17:57,942 [INFO] PluginManage:292 - Check plugin ddr
2021-03-31 22:17:57,942 [INFO] PluginManage:342 - Loaded plugin ddr (category:tool,tabindex:6)
2021-03-31 22:17:57,942 [INFO] PluginManage:292 - Check plugin filemanager
2021-03-31 22:17:58,196 [INFO] PluginManage:342 - Loaded plugin filemanager (category:base,tabindex:10)
2021-03-31 22:17:58,196 [INFO] PluginManage:292 - Check plugin ipmanager
2021-03-31 22:17:58,216 [INFO] PluginManage:342 - Loaded plugin ipmanager (category:base,tabindex:5)
2021-03-31 22:17:58,216 [INFO] PluginManage:292 - Check plugin pinoutandconfiguration
2021-03-31 22:17:58,241 [INFO] PluginManage:342 - Loaded plugin pinoutandconfiguration (category:base,tabindex:1)
2021-03-31 22:17:58,241 [INFO] PluginManage:292 - Check plugin pinoutconfig
2021-03-31 22:17:58,306 [INFO] PluginManage:342 - Loaded plugin pinoutconfig (category:base,tabindex:0)
2021-03-31 22:17:58,314 [INFO] PluginManage:292 - Check plugin power
2021-03-31 22:17:58,339 [INFO] PluginManage:342 - Loaded plugin power (category:power,tabindex:4)
2021-03-31 22:17:58,347 [INFO] PluginManage:292 - Check plugin projectmanager
2021-03-31 22:17:58,379 [INFO] PluginManage:342 - Loaded plugin projectmanager (category:projectmanager,tabindex:3)
2021-03-31 22:17:58,379 [INFO] PluginManage:292 - Check plugin thirdparty
2021-03-31 22:17:58,646 [INFO] PluginManage:342 - Loaded plugin thirdparty (category:base,tabindex:-1)
2021-03-31 22:17:58,646 [WARN] IntegrityCheckThread:59 - waiting for thirdparty lock release [integrity check]
2021-03-31 22:17:58,646 [INFO] PluginManage:292 - Check plugin tools
2021-03-31 22:17:58,646 [INFO] IntegrityCheckThread:61 - entering critical section [integrity check]
2021-03-31 22:17:58,646 [INFO] ThirdPartyUpdaterWithRetryManager:56 - Updater plugin not ready yet. [1/15]
2021-03-31 22:17:58,654 [INFO] PluginManage:342 - Loaded plugin tools (category:base,tabindex:7)
2021-03-31 22:17:58,654 [INFO] PluginManage:292 - Check plugin tutovideos
2021-03-31 22:17:59,170 [INFO] PluginManage:342 - Loaded plugin tutovideos (category:base,tabindex:-1)
2021-03-31 22:17:59,171 [INFO] PluginManage:292 - Check plugin updater
2021-03-31 22:17:59,223 [INFO] PluginManage:342 - Loaded plugin updater (category:base,tabindex:12)
2021-03-31 22:17:59,225 [INFO] PluginManage:265 - PluginManage : Loaded plugins [13]
2021-03-31 22:17:59,635 [INFO] PinOutPanel:1435 - setPackage(No Configuration,No Configuration)
2021-03-31 22:17:59,844 [INFO] IPUIPlugin:64 - create IPUIPlugin
2021-03-31 22:17:59,844 [INFO] PluginManager:203 - loadIPPluginJar : add adc
2021-03-31 22:17:59,849 [INFO] IPUIPlugin:64 - create IPUIPlugin
2021-03-31 22:17:59,850 [INFO] PluginManager:203 - loadIPPluginJar : add aes
2021-03-31 22:17:59,855 [INFO] IPUIPlugin:64 - create IPUIPlugin
2021-03-31 22:17:59,855 [INFO] PluginManager:203 - loadIPPluginJar : add can
2021-03-31 22:17:59,859 [INFO] IPUIPlugin:64 - create IPUIPlugin
2021-03-31 22:17:59,859 [INFO] PluginManager:203 - loadIPPluginJar : add comp
2021-03-31 22:17:59,864 [INFO] IPUIPlugin:64 - create IPUIPlugin
2021-03-31 22:17:59,864 [INFO] PluginManager:203 - loadIPPluginJar : add cryp
2021-03-31 22:17:59,869 [INFO] IPUIPlugin:64 - create IPUIPlugin
2021-03-31 22:17:59,870 [INFO] PluginManager:203 - loadIPPluginJar : add dfsdm
2021-03-31 22:17:59,881 [INFO] IPUIPlugin:64 - create IPUIPlugin
2021-03-31 22:17:59,882 [INFO] PluginManager:203 - loadIPPluginJar : add dma
2021-03-31 22:17:59,885 [INFO] IPUIPlugin:64 - create IPUIPlugin
2021-03-31 22:17:59,885 [INFO] PluginManager:203 - loadIPPluginJar : add fatfs
2021-03-31 22:17:59,893 [INFO] IPUIPlugin:64 - create IPUIPlugin
2021-03-31 22:17:59,893 [INFO] PluginManager:203 - loadIPPluginJar : add fmc
2021-03-31 22:17:59,904 [INFO] IPUIPlugin:64 - create IPUIPlugin
2021-03-31 22:17:59,905 [INFO] PluginManager:203 - loadIPPluginJar : add freertos
2021-03-31 22:17:59,908 [INFO] IPUIPlugin:64 - create IPUIPlugin
2021-03-31 22:17:59,909 [INFO] PluginManager:203 - loadIPPluginJar : add genericplugin
2021-03-31 22:17:59,914 [INFO] IPUIPlugin:64 - create IPUIPlugin
2021-03-31 22:17:59,915 [INFO] PluginManager:203 - loadIPPluginJar : add gfxmmu
2021-03-31 22:17:59,929 [INFO] IPUIPlugin:64 - create IPUIPlugin
2021-03-31 22:17:59,930 [INFO] PluginManager:203 - loadIPPluginJar : add gic
2021-03-31 22:17:59,939 [INFO] IPUIPlugin:64 - create IPUIPlugin
2021-03-31 22:17:59,940 [INFO] PluginManager:203 - loadIPPluginJar : add gpio
2021-03-31 22:17:59,948 [INFO] IPUIPlugin:64 - create IPUIPlugin
2021-03-31 22:17:59,949 [INFO] PluginManager:203 - loadIPPluginJar : add gtzc
2021-03-31 22:17:59,955 [INFO] IPUIPlugin:64 - create IPUIPlugin
2021-03-31 22:17:59,955 [INFO] PluginManager:203 - loadIPPluginJar : add hash
2021-03-31 22:17:59,963 [INFO] IPUIPlugin:64 - create IPUIPlugin
2021-03-31 22:17:59,964 [INFO] PluginManager:203 - loadIPPluginJar : add i2c
2021-03-31 22:17:59,971 [INFO] IPUIPlugin:64 - create IPUIPlugin
2021-03-31 22:17:59,971 [INFO] PluginManager:203 - loadIPPluginJar : add i2s
2021-03-31 22:17:59,985 [INFO] IPUIPlugin:64 - create IPUIPlugin
2021-03-31 22:17:59,986 [INFO] PluginManager:203 - loadIPPluginJar : add ipddr
2021-03-31 22:17:59,995 [INFO] IPUIPlugin:64 - create IPUIPlugin
2021-03-31 22:17:59,995 [INFO] PluginManager:203 - loadIPPluginJar : add lorawan
2021-03-31 22:18:00,000 [INFO] IPUIPlugin:64 - create IPUIPlugin
2021-03-31 22:18:00,000 [INFO] PluginManager:203 - loadIPPluginJar : add ltdc
2021-03-31 22:18:00,012 [INFO] IPUIPlugin:64 - create IPUIPlugin
2021-03-31 22:18:00,013 [INFO] PluginManager:203 - loadIPPluginJar : add mdma
2021-03-31 22:18:00,021 [INFO] IPUIPlugin:64 - create IPUIPlugin
2021-03-31 22:18:00,022 [INFO] PluginManager:203 - loadIPPluginJar : add nvic
2021-03-31 22:18:00,029 [INFO] IPUIPlugin:64 - create IPUIPlugin
2021-03-31 22:18:00,030 [INFO] PluginManager:203 - loadIPPluginJar : add opamp
2021-03-31 22:18:00,035 [INFO] IPUIPlugin:64 - create IPUIPlugin
2021-03-31 22:18:00,036 [INFO] PluginManager:203 - loadIPPluginJar : add openamp
2021-03-31 22:18:00,042 [INFO] IPUIPlugin:64 - create IPUIPlugin
2021-03-31 22:18:00,043 [INFO] PluginManager:203 - loadIPPluginJar : add pdm2pcm
2021-03-31 22:18:00,055 [INFO] IPUIPlugin:64 - create IPUIPlugin
2021-03-31 22:18:00,061 [INFO] PluginManager:203 - loadIPPluginJar : add plateformsettings
2021-03-31 22:18:00,065 [INFO] IPUIPlugin:64 - create IPUIPlugin
2021-03-31 22:18:00,065 [INFO] PluginManager:203 - loadIPPluginJar : add quadspi
2021-03-31 22:18:00,071 [INFO] IPUIPlugin:64 - create IPUIPlugin
2021-03-31 22:18:00,072 [INFO] PluginManager:203 - loadIPPluginJar : add resmgrutility
2021-03-31 22:18:00,080 [INFO] IPUIPlugin:64 - create IPUIPlugin
2021-03-31 22:18:00,080 [INFO] PluginManager:203 - loadIPPluginJar : add sai
2021-03-31 22:18:00,086 [INFO] IPUIPlugin:64 - create IPUIPlugin
2021-03-31 22:18:00,087 [INFO] PluginManager:203 - loadIPPluginJar : add spi
2021-03-31 22:18:00,094 [INFO] IPUIPlugin:64 - create IPUIPlugin
2021-03-31 22:18:00,095 [INFO] PluginManager:203 - loadIPPluginJar : add stm32_wpan
2021-03-31 22:18:00,098 [INFO] IPUIPlugin:64 - create IPUIPlugin
2021-03-31 22:18:00,098 [INFO] PluginManager:203 - loadIPPluginJar : add tim
2021-03-31 22:18:00,104 [INFO] IPUIPlugin:64 - create IPUIPlugin
2021-03-31 22:18:00,105 [INFO] PluginManager:203 - loadIPPluginJar : add touchsensing
2021-03-31 22:18:00,108 [INFO] IPUIPlugin:64 - create IPUIPlugin
2021-03-31 22:18:00,109 [INFO] PluginManager:203 - loadIPPluginJar : add tracer_emb
2021-03-31 22:18:00,113 [INFO] IPUIPlugin:64 - create IPUIPlugin
2021-03-31 22:18:00,113 [INFO] PluginManager:203 - loadIPPluginJar : add ts
2021-03-31 22:18:00,116 [INFO] IPUIPlugin:64 - create IPUIPlugin
2021-03-31 22:18:00,117 [INFO] PluginManager:203 - loadIPPluginJar : add tsc
2021-03-31 22:18:00,121 [INFO] IPUIPlugin:64 - create IPUIPlugin
2021-03-31 22:18:00,122 [INFO] PluginManager:203 - loadIPPluginJar : add ucpd
2021-03-31 22:18:00,129 [INFO] IPUIPlugin:64 - create IPUIPlugin
2021-03-31 22:18:00,129 [INFO] PluginManager:203 - loadIPPluginJar : add usart
2021-03-31 22:18:00,746 [FATAL] Updater:284 - Updater called before beeing initialized
2021-03-31 22:18:00,996 [FATAL] Updater:284 - Updater called before beeing initialized
2021-03-31 22:18:01,007 [INFO] DbMcusAds:132 - JSON generation date=Mon Mar 01 05:27:39 EST 2021 (1614594459504)
2021-03-31 22:18:01,007 [FATAL] Updater:284 - Updater called before beeing initialized
2021-03-31 22:18:01,118 [WARN] DetailPanel:315 - Failed to get advertising image, set to default
2021-03-31 22:18:01,660 [INFO] ThirdPartyUpdaterWithRetryManager:56 - Updater plugin not ready yet. [2/15]
2021-03-31 22:18:01,683 [FATAL] Updater:284 - Updater called before beeing initialized
2021-03-31 22:18:01,688 [FATAL] Updater:284 - Updater called before beeing initialized
2021-03-31 22:18:01,689 [FATAL] Updater:284 - Updater called before beeing initialized
2021-03-31 22:18:01,689 [WARN] DetailPanel:315 - Failed to get advertising image, set to default
2021-03-31 22:18:01,694 [FATAL] Updater:284 - Updater called before beeing initialized
2021-03-31 22:18:01,850 [FATAL] Updater:284 - Updater called before beeing initialized
2021-03-31 22:18:01,850 [WARN] ThirdParty:796 - waiting for thirdparty lock release [close project]
2021-03-31 22:18:04,662 [FATAL] Updater:284 - Updater called before beeing initialized
2021-03-31 22:18:04,664 [ERROR] AbstractThirdPartyUpdaterManager:153 - class java.lang.Integer cannot be cast to class java.util.List (java.lang.Integer and java.util.List are in module java.base of loader 'bootstrap')
2021-03-31 22:18:04,664 [INFO] ThirdParty:900 - Integrity check success = false
2021-03-31 22:18:04,665 [INFO] IntegrityCheckThread:75 - exiting critical section [integrity check]
2021-03-31 22:18:04,665 [INFO] IntegrityCheckThread:78 - End integrity checks thread
2021-03-31 22:18:04,665 [INFO] ThirdParty:798 - entering critical section [close project]
2021-03-31 22:18:04,670 [INFO] ThirdParty:809 - exiting critical section [close project]
2021-03-31 22:18:04,682 [INFO] PinOutPanel:1435 - setPackage(No Configuration,No Configuration)
2021-03-31 22:18:04,685 [FATAL] Updater:284 - Updater called before beeing initialized
2021-03-31 22:18:04,719 [INFO] Updater:1002 - Updater Version found : 6.2.0
2021-03-31 22:18:04,761 [INFO] ApplicationProperties:181 - Using Application install path: C:\ST\STM32CubeIDE_1.6.0\STM32CubeIDE\plugins\com.st.stm32cube.common.mx_6.2.0.202102191602
2021-03-31 22:18:05,008 [INFO] MainUpdater:2661 - connection check result : 10
2021-03-31 22:18:05,010 [INFO] MainUpdater:255 - Updater Check For Update Now.
2021-03-31 22:18:05,010 [INFO] MicroXplorer:472 - Change Database Version : DB.6.0.20
2021-03-31 22:18:05,094 [INFO] CheckServerUpdateThread:102 - End of CheckServer Thread
2021-03-31 22:18:05,142 [INFO] MainUpdater:2661 - connection check result : 10
2021-03-31 22:18:05,144 [INFO] MainUpdater:2661 - connection check result : 10
2021-03-31 22:18:05,346 [INFO] MicroXplorer:442 - Change Database Path : 
2021-03-31 22:18:05,348 [INFO] MicroXplorer:472 - Change Database Version : DB.6.0.20
2021-03-31 22:18:05,348 [WARN] ThirdParty:796 - waiting for thirdparty lock release [close project]
2021-03-31 22:18:05,348 [INFO] ThirdParty:798 - entering critical section [close project]
2021-03-31 22:18:05,348 [INFO] ThirdParty:809 - exiting critical section [close project]
2021-03-31 22:18:05,353 [INFO] PinOutPanel:1435 - setPackage(No Configuration,No Configuration)
2021-03-31 22:18:05,354 [INFO] UtilMem:74 - Begin LoadConfig() Used Memory: 334503552 Bytes (367001600)
2021-03-31 22:18:05,367 [INFO] MicroXplorer:442 - Change Database Path : C:/Users/glase/.stm32cubemx/databases/DB.6.0.10/db/
2021-03-31 22:18:05,368 [INFO] MicroXplorer:472 - Change Database Version : DB.6.0.10
2021-03-31 22:18:14,992 [INFO] MainUpdater:2661 - connection check result : 10
2021-03-31 22:18:14,992 [INFO] MainUpdater:2661 - connection check result : 10
2021-03-31 22:18:15,069 [INFO] MicroXplorer:442 - Change Database Path : 
2021-03-31 22:18:15,070 [INFO] MicroXplorer:472 - Change Database Version : DB.6.0.20
2021-03-31 22:18:15,071 [WARN] ThirdParty:796 - waiting for thirdparty lock release [close project]
2021-03-31 22:18:15,071 [INFO] ThirdParty:798 - entering critical section [close project]
2021-03-31 22:18:15,071 [INFO] ThirdParty:809 - exiting critical section [close project]
2021-03-31 22:18:15,072 [INFO] PinOutPanel:1435 - setPackage(No Configuration,No Configuration)
2021-03-31 22:18:15,072 [INFO] UtilMem:74 - Begin LoadConfig() Used Memory: 257825368 Bytes (367001600)
2021-03-31 22:18:15,078 [INFO] MicroXplorer:442 - Change Database Path : C:/Users/glase/.stm32cubemx/databases/DB.6.0.10/db/
2021-03-31 22:18:15,078 [INFO] MicroXplorer:472 - Change Database Version : DB.6.0.10
2021-03-31 22:18:22,838 [INFO] OpenFileManager:303 - Change cursor
2021-03-31 22:18:22,863 [WARN] IntegrityCheckThread:59 - waiting for thirdparty lock release [integrity check]
2021-03-31 22:18:22,863 [INFO] IntegrityCheckThread:61 - entering critical section [integrity check]
2021-03-31 22:18:22,960 [WARN] PackLoader:226 - Cannot read IP mode file for RoweBots.I-CUBE-UNISONRTOS.5.5.0-4
2021-03-31 22:18:22,989 [WARN] PackLoader:226 - Cannot read IP mode file for STMicroelectronics.X-CUBE-SFXS2LP1.3.0.0
2021-03-31 22:18:23,085 [WARN] PackLoader:226 - Cannot read IP mode file for STMicroelectronics.X-CUBE-MEMS1.8.2.0
2021-03-31 22:18:23,270 [WARN] PackLoader:226 - Cannot read IP mode file for STMicroelectronics.X-CUBE-EEPRMA1.3.0.0
2021-03-31 22:18:23,280 [WARN] PackLoader:226 - Cannot read IP mode file for STMicroelectronics.X-CUBE-NFC4.2.0.2
2021-03-31 22:18:23,290 [WARN] PackLoader:226 - Cannot read IP mode file for STMicroelectronics.X-CUBE-BLE2.3.2.0
2021-03-31 22:18:23,305 [WARN] PackLoader:226 - Cannot read IP mode file for STMicroelectronics.X-CUBE-SUBG2.4.0.0
2021-03-31 22:18:23,317 [WARN] PackLoader:226 - Cannot read IP mode file for STMicroelectronics.X-CUBE-TOF1.1.0.0
2021-03-31 22:18:23,369 [WARN] PackLoader:226 - Cannot read IP mode file for STMicroelectronics.X-CUBE-AZRTOS-H7.1.0.0
2021-03-31 22:18:23,452 [WARN] PackLoader:226 - Cannot read IP mode file for STMicroelectronics.X-CUBE-MEMS1.8.3.0
2021-03-31 22:18:23,710 [WARN] PackLoader:226 - Cannot read IP mode file for STMicroelectronics.X-CUBE-DISPLAY.1.0.0
2021-03-31 22:18:23,714 [WARN] PackLoader:226 - Cannot read IP mode file for STMicroelectronics.X-CUBE-AI.6.0.0
2021-03-31 22:18:23,720 [WARN] PackLoader:226 - Cannot read IP mode file for STMicroelectronics.X-CUBE-ALGOBUILD.1.2.0
2021-03-31 22:18:23,725 [WARN] PackLoader:226 - Cannot read IP mode file for STMicroelectronics.X-CUBE-GNSS1.5.2.0
2021-03-31 22:18:23,729 [WARN] PackLoader:226 - Cannot read IP mode file for STMicroelectronics.X-CUBE-BLE1.6.1.0
2021-03-31 22:18:23,732 [WARN] PackLoader:226 - Cannot read IP mode file for wolfSSL.I-CUBE-wolfSSL.4.7.0
2021-03-31 22:18:23,734 [WARN] PackLoader:226 - Cannot read IP mode file for STMicroelectronics.X-CUBE-TOUCHGFX.4.16.1
2021-03-31 22:18:23,734 [INFO] ThirdParty:900 - Integrity check success = true
2021-03-31 22:18:23,735 [INFO] IntegrityCheckThread:75 - exiting critical section [integrity check]
2021-03-31 22:18:23,735 [INFO] IntegrityCheckThread:78 - End integrity checks thread
2021-03-31 22:18:25,177 [INFO] Context:587 - Trying to add GPIOservice into a context  which must be forbidden
2021-03-31 22:18:25,624 [WARN] ApiManager:294 - Cannot register API 'Board Extension:S2868A1' from pack STMicroelectronics.X-CUBE-SFXS2LP1.3.0.0: no header file found
2021-03-31 22:18:25,624 [WARN] ApiManager:294 - Cannot register API 'Board Extension:S2868A2' from pack STMicroelectronics.X-CUBE-SFXS2LP1.3.0.0: no header file found
2021-03-31 22:18:25,624 [WARN] ApiManager:294 - Cannot register API 'Board Extension:S2915A1' from pack STMicroelectronics.X-CUBE-SFXS2LP1.3.0.0: no header file found
2021-03-31 22:18:25,629 [WARN] ModelIntegratedComponent:51 - No mode defined for component null
2021-03-31 22:18:25,629 [WARN] ModelIntegratedComponent:51 - No mode defined for component null
2021-03-31 22:18:25,629 [WARN] ModelIntegratedComponent:51 - No mode defined for component null
2021-03-31 22:18:25,629 [WARN] ModelIntegratedComponent:51 - No mode defined for component null
2021-03-31 22:18:25,629 [WARN] ModelIntegratedComponent:51 - No mode defined for component null
2021-03-31 22:18:25,629 [WARN] ModelIntegratedComponent:51 - No mode defined for component null
2021-03-31 22:18:25,629 [WARN] ModelIntegratedComponent:51 - No mode defined for component null
2021-03-31 22:18:25,629 [WARN] ModelIntegratedComponent:51 - No mode defined for component null
2021-03-31 22:18:25,630 [WARN] ModelIntegratedComponent:51 - No mode defined for component null
2021-03-31 22:18:25,630 [WARN] ModelIntegratedComponent:51 - No mode defined for component null
2021-03-31 22:18:25,630 [WARN] ModelIntegratedComponent:51 - No mode defined for component null
2021-03-31 22:18:25,631 [WARN] ModelIntegratedComponent:51 - No mode defined for component null
2021-03-31 22:18:25,631 [WARN] ModelIntegratedComponent:51 - No mode defined for component null
2021-03-31 22:18:25,631 [WARN] ModelIntegratedComponent:51 - No mode defined for component null
2021-03-31 22:18:25,631 [WARN] ModelIntegratedComponent:51 - No mode defined for component null
2021-03-31 22:18:25,631 [WARN] ModelIntegratedComponent:51 - No mode defined for component null
2021-03-31 22:18:25,631 [WARN] ModelIntegratedComponent:51 - No mode defined for component null
2021-03-31 22:18:25,631 [WARN] ModelIntegratedComponent:51 - No mode defined for component null
2021-03-31 22:18:25,631 [WARN] ModelIntegratedComponent:51 - No mode defined for component null
2021-03-31 22:18:25,631 [WARN] ModelIntegratedComponent:51 - No mode defined for component null
2021-03-31 22:18:25,631 [WARN] ModelIntegratedComponent:51 - No mode defined for component null
2021-03-31 22:18:25,631 [WARN] ModelIntegratedComponent:51 - No mode defined for component null
2021-03-31 22:18:25,632 [WARN] ModelIntegratedComponent:51 - No mode defined for component null
2021-03-31 22:18:25,632 [WARN] ModelIntegratedComponent:51 - No mode defined for component null
2021-03-31 22:18:25,632 [WARN] ModelIntegratedComponent:51 - No mode defined for component null
2021-03-31 22:18:25,632 [WARN] ModelIntegratedComponent:51 - No mode defined for component null
2021-03-31 22:18:25,632 [WARN] ModelIntegratedComponent:51 - No mode defined for component null
2021-03-31 22:18:25,637 [WARN] ApiManager:294 - Cannot register API 'Board Extension:S2868A1' from pack STMicroelectronics.X-CUBE-SUBG2.4.0.0: no header file found
2021-03-31 22:18:25,637 [WARN] ApiManager:294 - Cannot register API 'Board Extension:S2868A2' from pack STMicroelectronics.X-CUBE-SUBG2.4.0.0: no header file found
2021-03-31 22:18:25,637 [WARN] ApiManager:294 - Cannot register API 'Board Extension:S2915A1' from pack STMicroelectronics.X-CUBE-SUBG2.4.0.0: no header file found
2021-03-31 22:18:25,809 [WARN] ApiManager:294 - Cannot register API 'Board Extension:IKS01A3' from pack STMicroelectronics.X-CUBE-MEMS1.8.2.0: no header file found
2021-03-31 22:18:25,809 [WARN] ApiManager:294 - Cannot register API 'Board Extension:IKS01A2' from pack STMicroelectronics.X-CUBE-MEMS1.8.2.0: no header file found
2021-03-31 22:18:25,809 [WARN] ApiManager:294 - Cannot register API 'Board Extension:IKS02A1' from pack STMicroelectronics.X-CUBE-MEMS1.8.2.0: no header file found
2021-03-31 22:18:25,817 [WARN] ApiManager:294 - Cannot register API 'Board Extension:EEPRMA1' from pack STMicroelectronics.X-CUBE-EEPRMA1.3.0.0: no header file found
2021-03-31 22:18:25,817 [WARN] ApiManager:294 - Cannot register API 'Board Extension:EEPRMA2' from pack STMicroelectronics.X-CUBE-EEPRMA1.3.0.0: no header file found
2021-03-31 22:18:25,925 [WARN] ApiManager:294 - Cannot register API 'Board Extension:IKS01A3' from pack STMicroelectronics.X-CUBE-MEMS1.8.3.0: no header file found
2021-03-31 22:18:25,925 [WARN] ApiManager:294 - Cannot register API 'Board Extension:IKS01A2' from pack STMicroelectronics.X-CUBE-MEMS1.8.3.0: no header file found
2021-03-31 22:18:25,925 [WARN] ApiManager:294 - Cannot register API 'Board Extension:IKS02A1' from pack STMicroelectronics.X-CUBE-MEMS1.8.3.0: no header file found
2021-03-31 22:18:25,935 [INFO] RtosManager:470 - Registered RTOS mode: class=CMSIS, group=RTOS, mode=CMSIS_V1, owner=FREERTOS
2021-03-31 22:18:25,936 [INFO] RtosManager:470 - Registered RTOS mode: class=CMSIS, group=RTOS2, mode=CMSIS_V2, owner=FREERTOS
2021-03-31 22:18:25,936 [INFO] RtosManager:470 - Registered RTOS mode: class=RTOS, group=Core, mode=CMSIS_V1, owner=FREERTOS
2021-03-31 22:18:25,936 [INFO] RtosManager:470 - Registered RTOS mode: class=RTOS, group=Core, mode=CMSIS_V2, owner=FREERTOS
2021-03-31 22:18:25,936 [WARN] ModelIntegratedComponent:182 - Missing modes for component STMicroelectronics:FreeRTOS:0.0.1:STMicroelectronics:RTOS:FreeRTOS:Core:::10.2.0:
2021-03-31 22:18:25,938 [WARN] ApiManager:294 - Cannot register API 'Board Extension:GNSS1A1' from pack STMicroelectronics.X-CUBE-GNSS1.5.2.0: no header file found
2021-03-31 22:18:25,938 [WARN] ApiManager:294 - Cannot register API 'Board Support:Custom' from pack STMicroelectronics.X-CUBE-GNSS1.5.2.0: no header file found
2021-03-31 22:18:25,938 [WARN] ApiManager:294 - Cannot register API 'Data Exchange:lib_gnss' from pack STMicroelectronics.X-CUBE-GNSS1.5.2.0: no header file found
2021-03-31 22:18:25,939 [WARN] ApiManager:294 - Cannot register API 'Wireless:BlueNRG-MS' from pack STMicroelectronics.X-CUBE-BLE1.6.1.0: no header file found
2021-03-31 22:18:25,939 [WARN] ApiManager:294 - Cannot register API 'Board Extension:NFC04A1' from pack STMicroelectronics.X-CUBE-NFC4.2.0.2: no header file found
2021-03-31 22:18:25,940 [WARN] ApiManager:294 - Cannot register API 'Wireless:BlueNRG-2' from pack STMicroelectronics.X-CUBE-BLE2.3.2.0: no header file found
2021-03-31 22:18:26,781 [INFO] UtilMem:74 - End LoadConfig() Used Memory: 290940824 Bytes (367001600)
2021-03-31 22:18:26,783 [INFO] DbMcusXml:100 - Load MCU database from C:\ST\STM32CubeIDE_1.6.0\STM32CubeIDE\plugins\com.st.stm32cube.common.mx_6.2.0.202102191602\\db\/mcu/families.xml
2021-03-31 22:18:27,606 [INFO] DbMcusJson:94 - JSON generation date=Mon Feb 08 08:35:07 EST 2021 (1612791307)
2021-03-31 22:18:28,470 [INFO] DbMcus:175 - Found 1906 MCUs (1866 are supported by CubeMX, 1866 are visible in CubeMX)
2021-03-31 22:18:28,472 [INFO] ApiDb:251 - Load user favorites file C:\Users\glase/.stm32cubeide/favorites.mcus.txt: 0 item(s)
2021-03-31 22:18:28,472 [INFO] ApiDb:255 - User favorites MCUs=[]
2021-03-31 22:18:28,472 [INFO] DbMcus:187 - Set 0 / 0 favorites MCUs
2021-03-31 22:18:28,475 [WARN] ThirdParty:762 - waiting for thirdparty lock release [change project]
2021-03-31 22:18:28,475 [INFO] ThirdParty:764 - entering critical section [change project]
2021-03-31 22:18:28,475 [INFO] ThirdParty:952 - CMSIS Pack Vendor :RoweBots I-CUBE-UNISONRTOS 5.5.0-4
2021-03-31 22:18:28,475 [INFO] ThirdParty:952 - CMSIS Pack Vendor :STMicroelectronics X-CUBE-SFXS2LP1 3.0.0
2021-03-31 22:18:28,475 [INFO] ThirdParty:952 - CMSIS Pack Vendor :STMicroelectronics USB_HOST 2.0.0
2021-03-31 22:18:28,475 [INFO] ThirdParty:952 - CMSIS Pack Vendor :STMicroelectronics USB_DEVICE 3.0.0
2021-03-31 22:18:28,475 [INFO] ThirdParty:952 - CMSIS Pack Vendor :STMicroelectronics HAL Drivers 0.0.0
2021-03-31 22:18:28,475 [INFO] ThirdParty:952 - CMSIS Pack Vendor :STMicroelectronics MBEDTLS 2.16.2
2021-03-31 22:18:28,475 [INFO] ThirdParty:952 - CMSIS Pack Vendor :STMicroelectronics MBEDTLS 2.14.1
2021-03-31 22:18:28,475 [INFO] ThirdParty:952 - CMSIS Pack Vendor :STMicroelectronics X-CUBE-SUBG2 4.0.0
2021-03-31 22:18:28,475 [INFO] ThirdParty:952 - CMSIS Pack Vendor :STMicroelectronics X-CUBE-TOF1 1.0.0
2021-03-31 22:18:28,475 [INFO] ThirdParty:952 - CMSIS Pack Vendor :STMicroelectronics X-CUBE-AZRTOS-H7 1.0.0
2021-03-31 22:18:28,475 [INFO] ThirdParty:952 - CMSIS Pack Vendor :STMicroelectronics USB_DEVICE 2.0.0
2021-03-31 22:18:28,475 [INFO] ThirdParty:952 - CMSIS Pack Vendor :STMicroelectronics X-CUBE-MEMS1 8.2.0
2021-03-31 22:18:28,476 [INFO] ThirdParty:952 - CMSIS Pack Vendor :STMicroelectronics X-CUBE-EEPRMA1 3.0.0
2021-03-31 22:18:28,476 [INFO] ThirdParty:952 - CMSIS Pack Vendor :STMicroelectronics X-CUBE-MEMS1 8.3.0
2021-03-31 22:18:28,476 [INFO] ThirdParty:952 - CMSIS Pack Vendor :STMicroelectronics X-CUBE-DISPLAY 1.0.0
2021-03-31 22:18:28,476 [INFO] ThirdParty:952 - CMSIS Pack Vendor :STMicroelectronics FreeRTOS 0.0.1
2021-03-31 22:18:28,476 [INFO] ThirdParty:952 - CMSIS Pack Vendor :STMicroelectronics USB_DEVICE 1.0.0
2021-03-31 22:18:28,476 [INFO] ThirdParty:952 - CMSIS Pack Vendor :STMicroelectronics X-CUBE-AI 6.0.0
2021-03-31 22:18:28,476 [INFO] ThirdParty:952 - CMSIS Pack Vendor :STMicroelectronics X-CUBE-ALGOBUILD 1.2.0
2021-03-31 22:18:28,476 [INFO] ThirdParty:952 - CMSIS Pack Vendor :STMicroelectronics X-CUBE-GNSS1 5.2.0
2021-03-31 22:18:28,476 [INFO] ThirdParty:952 - CMSIS Pack Vendor :STMicroelectronics X-CUBE-BLE1 6.1.0
2021-03-31 22:18:28,477 [INFO] ThirdParty:952 - CMSIS Pack Vendor :STMicroelectronics lwIP 2.0.3
2021-03-31 22:18:28,477 [INFO] ThirdParty:952 - CMSIS Pack Vendor :STMicroelectronics lwIP 2.1.2
2021-03-31 22:18:28,477 [INFO] ThirdParty:952 - CMSIS Pack Vendor :STMicroelectronics USB_HOST 1.0.0
2021-03-31 22:18:28,477 [INFO] ThirdParty:952 - CMSIS Pack Vendor :STMicroelectronics X-CUBE-NFC4 2.0.2
2021-03-31 22:18:28,477 [INFO] ThirdParty:952 - CMSIS Pack Vendor :wolfSSL I-CUBE-wolfSSL 4.7.0
2021-03-31 22:18:28,477 [INFO] ThirdParty:952 - CMSIS Pack Vendor :STMicroelectronics X-CUBE-TOUCHGFX 4.16.1
2021-03-31 22:18:28,477 [INFO] ThirdParty:952 - CMSIS Pack Vendor :STMicroelectronics PDM2PCM 3.1.0
2021-03-31 22:18:28,477 [INFO] ThirdParty:952 - CMSIS Pack Vendor :STMicroelectronics PDM2PCM 3.2.0
2021-03-31 22:18:28,477 [INFO] ThirdParty:952 - CMSIS Pack Vendor :STMicroelectronics PDM2PCM 3.3.0
2021-03-31 22:18:28,477 [INFO] ThirdParty:952 - CMSIS Pack Vendor :STMicroelectronics X-CUBE-BLE2 3.2.0
2021-03-31 22:18:28,477 [INFO] ThirdParty:770 - exiting critical section [change project]
2021-03-31 22:18:29,073 [INFO] PinOutPanel:1435 - setPackage(No Configuration,No Configuration)
2021-03-31 22:18:29,075 [INFO] PinOutPanel:1435 - setPackage(STM32L053R8Hx,TFBGA64)
2021-03-31 22:18:29,550 [INFO] UtilMem:74 - Before build in PCC Used Memory: 271583792 Bytes (488636416)
2021-03-31 22:18:30,117 [INFO] SharedServices:72 - Folder for power plug-in: C:/Users/glase/.stm32cubemx/plugins/power
2021-03-31 22:18:30,165 [INFO] SharedServices:72 - Folder for power plug-in: C:/Users/glase/.stm32cubemx/plugins/power
2021-03-31 22:18:30,266 [INFO] SharedServices:72 - Folder for power plug-in: C:/Users/glase/.stm32cubemx/plugins/power
2021-03-31 22:18:30,274 [INFO] SharedServices:72 - Folder for power plug-in: C:/Users/glase/.stm32cubemx/plugins/power
2021-03-31 22:18:30,502 [INFO] UtilMem:74 - After build in PCC Used Memory: 269900080 Bytes (488636416)
2021-03-31 22:18:30,547 [INFO] IPUIPlugin:64 - create IPUIPlugin
2021-03-31 22:18:30,548 [INFO] IPUIPlugin:64 - create IPUIPlugin
2021-03-31 22:18:30,548 [INFO] IPUIPlugin:64 - create IPUIPlugin
2021-03-31 22:18:30,548 [INFO] IPUIPlugin:64 - create IPUIPlugin
2021-03-31 22:18:30,548 [INFO] IPUIPlugin:64 - create IPUIPlugin
2021-03-31 22:18:30,548 [INFO] IPUIPlugin:64 - create IPUIPlugin
2021-03-31 22:18:30,548 [INFO] IPUIPlugin:64 - create IPUIPlugin
2021-03-31 22:18:30,548 [INFO] IPUIPlugin:64 - create IPUIPlugin
2021-03-31 22:18:30,549 [INFO] IPUIPlugin:64 - create IPUIPlugin
2021-03-31 22:18:30,549 [INFO] IPUIPlugin:64 - create IPUIPlugin
2021-03-31 22:18:30,549 [INFO] IPUIPlugin:64 - create IPUIPlugin
2021-03-31 22:18:30,549 [INFO] IPUIPlugin:64 - create IPUIPlugin
2021-03-31 22:18:30,549 [INFO] IPUIPlugin:64 - create IPUIPlugin
2021-03-31 22:18:30,550 [INFO] IPUIPlugin:64 - create IPUIPlugin
2021-03-31 22:18:30,551 [INFO] IPUIPlugin:64 - create IPUIPlugin
2021-03-31 22:18:30,551 [INFO] IPUIPlugin:64 - create IPUIPlugin
2021-03-31 22:18:30,552 [INFO] IPUIPlugin:64 - create IPUIPlugin
2021-03-31 22:18:30,552 [INFO] IPUIPlugin:64 - create IPUIPlugin
2021-03-31 22:18:30,552 [INFO] IPUIPlugin:64 - create IPUIPlugin
2021-03-31 22:18:30,553 [INFO] IPUIPlugin:64 - create IPUIPlugin
2021-03-31 22:18:30,553 [INFO] IPUIPlugin:64 - create IPUIPlugin
2021-03-31 22:18:30,553 [INFO] IPUIPlugin:64 - create IPUIPlugin
2021-03-31 22:18:30,555 [INFO] IPUIPlugin:64 - create IPUIPlugin
2021-03-31 22:18:30,555 [INFO] IPUIPlugin:64 - create IPUIPlugin
2021-03-31 22:18:30,555 [INFO] IPUIPlugin:64 - create IPUIPlugin
2021-03-31 22:18:30,555 [INFO] IPUIPlugin:64 - create IPUIPlugin
2021-03-31 22:18:30,556 [INFO] IPUIPlugin:64 - create IPUIPlugin
2021-03-31 22:18:30,556 [INFO] IPUIPlugin:64 - create IPUIPlugin
2021-03-31 22:18:30,556 [INFO] IPUIPlugin:64 - create IPUIPlugin
2021-03-31 22:18:30,557 [INFO] IPUIPlugin:64 - create IPUIPlugin
2021-03-31 22:18:30,557 [INFO] IPUIPlugin:64 - create IPUIPlugin
2021-03-31 22:18:30,558 [INFO] IPUIPlugin:64 - create IPUIPlugin
2021-03-31 22:18:30,558 [INFO] IPUIPlugin:64 - create IPUIPlugin
2021-03-31 22:18:30,559 [INFO] IPUIPlugin:64 - create IPUIPlugin
2021-03-31 22:18:30,606 [INFO] LogOutputStream:76 - [STDOUT_REDIRECT] toolchainItems.length=====1
2021-03-31 22:18:30,795 [INFO] OpenFileManager:323 - Restore cursor
2021-03-31 22:18:30,819 [INFO] UtilMem:74 - End SaveConfig() Used Memory: 232475560 Bytes (488636416)
2021-04-19 21:55:46,665 [INFO] Activator:170 - 


2021-04-19 21:55:46,667 [INFO] Activator:171 - !SESSION log4j initialized
2021-04-19 21:58:49,561 [INFO] Activator:170 - 


2021-04-19 21:58:49,564 [INFO] Activator:171 - !SESSION log4j initialized
